Using pre-set license
Built from '6000.0/staging' branch; Version is '6000.0.24f1 (11fa355cd605) revision 1178165'; Using compiler version '193933523'; Build Type 'Release'
OS: 'Windows 11  (10.0.26100) 64bit Core' Language: 'en' Physical Memory: 65395 MB
BatchMode: 1, IsHumanControllingUs: 0, StartBugReporterOnCrash: 0, Is64bit: 1, IsPro: 1

COMMAND LINE ARGUMENTS:
C:\Program Files\Unity\Hub\Editor\6000.0.24f1\Editor\Unity.exe
-adb2
-batchMode
-noUpm
-name
AssetImportWorker0
-projectPath
C:/Users/User/Desktop/Github Desktop/Fate-Unbound/Fate_Unbound_Unity_6000.0.24f1
-logFile
Logs/AssetImportWorker0.log
-srvPort
57215
-job-worker-count
9
-background-job-worker-count
8
-asset-garbage-collectors
1
Successfully changed project path to: C:/Users/User/Desktop/Github Desktop/Fate-Unbound/Fate_Unbound_Unity_6000.0.24f1
C:/Users/User/Desktop/Github Desktop/Fate-Unbound/Fate_Unbound_Unity_6000.0.24f1
[UnityMemory] Configuration Parameters - Can be set up in boot.config
    "memorysetup-bucket-allocator-granularity=16"
    "memorysetup-bucket-allocator-bucket-count=8"
    "memorysetup-bucket-allocator-block-size=33554432"
    "memorysetup-bucket-allocator-block-count=8"
    "memorysetup-main-allocator-block-size=16777216"
    "memorysetup-thread-allocator-block-size=16777216"
    "memorysetup-gfx-main-allocator-block-size=16777216"
    "memorysetup-gfx-thread-allocator-block-size=16777216"
    "memorysetup-cache-allocator-block-size=4194304"
    "memorysetup-typetree-allocator-block-size=2097152"
    "memorysetup-profiler-bucket-allocator-granularity=16"
    "memorysetup-profiler-bucket-allocator-bucket-count=8"
    "memorysetup-profiler-bucket-allocator-block-size=33554432"
    "memorysetup-profiler-bucket-allocator-block-count=8"
    "memorysetup-profiler-allocator-block-size=16777216"
    "memorysetup-profiler-editor-allocator-block-size=1048576"
    "memorysetup-temp-allocator-size-main=16777216"
    "memorysetup-job-temp-allocator-block-size=2097152"
    "memorysetup-job-temp-allocator-block-size-background=1048576"
    "memorysetup-job-temp-allocator-reduction-small-platforms=262144"
    "memorysetup-allocator-temp-initial-block-size-main=262144"
    "memorysetup-allocator-temp-initial-block-size-worker=262144"
    "memorysetup-temp-allocator-size-background-worker=32768"
    "memorysetup-temp-allocator-size-job-worker=262144"
    "memorysetup-temp-allocator-size-preload-manager=33554432"
    "memorysetup-temp-allocator-size-nav-mesh-worker=65536"
    "memorysetup-temp-allocator-size-audio-worker=65536"
    "memorysetup-temp-allocator-size-cloud-worker=32768"
    "memorysetup-temp-allocator-size-gi-baking-worker=262144"
    "memorysetup-temp-allocator-size-gi-baking-worker=262144"
    "memorysetup-temp-allocator-size-gi-baking-worker=262144"
    "memorysetup-temp-allocator-size-gi-baking-worker=262144"
    "memorysetup-temp-allocator-size-gi-baking-worker=262144"
    "memorysetup-temp-allocator-size-gfx=262144"
Player connection [31240]  Target information:

Player connection [31240]  * "[IP] 10.0.6.146 [Port] 0 [Flags] 2 [Guid] 977991521 [EditorId] 977991521 [Version] 1048832 [Id] WindowsEditor(7,DESKTOP-ASE2N49) [Debug] 1 [PackageName] WindowsEditor [ProjectName] Editor" 

Player connection [31240]  * "[IP] 192.168.10.117 [Port] 0 [Flags] 2 [Guid] 977991521 [EditorId] 977991521 [Version] 1048832 [Id] WindowsEditor(7,DESKTOP-ASE2N49) [Debug] 1 [PackageName] WindowsEditor [ProjectName] Editor" 

Player connection [31240] Host joined multi-casting on [225.0.0.222:54997]...
Player connection [31240] Host joined alternative multi-casting on [225.0.0.222:34997]...
JobSystem: Creating JobQueue using job-worker-count value 9
[Physics::Module] Initialized fallback backend.
[Physics::Module] Id: 0xdecafbad
Library Redirect Path: Library/
[Physics::Module] Selected backend.
[Physics::Module] Name: PhysX
[Physics::Module] Id: 0xf2b8ea05
[Physics::Module] SDK Version: 4.1.2
[Physics::Module] Integration Version: 1.0.0
[Physics::Module] Threading Mode: Multi-Threaded
Refreshing native plugins compatible for Editor in 1.32 ms, found 4 plugins.
Preloading 0 native plugins for Editor in 0.00 ms.
Initialize engine version: 6000.0.24f1 (11fa355cd605)
[Subsystems] Discovering subsystems at path C:/Program Files/Unity/Hub/Editor/6000.0.24f1/Editor/Data/Resources/UnitySubsystems
[Subsystems] Discovering subsystems at path C:/Users/User/Desktop/Github Desktop/Fate-Unbound/Fate_Unbound_Unity_6000.0.24f1/Assets
GfxDevice: creating device client; kGfxThreadingModeNonThreaded
Direct3D:
    Version:  Direct3D 11.0 [level 11.1]
    Renderer: NVIDIA GeForce RTX 3060 (ID=0x2504)
    Vendor:   NVIDIA
    VRAM:     12115 MB
    Driver:   32.0.15.6094
Initialize mono
Mono path[0] = 'C:/Program Files/Unity/Hub/Editor/6000.0.24f1/Editor/Data/Managed'
Mono path[1] = 'C:/Program Files/Unity/Hub/Editor/6000.0.24f1/Editor/Data/MonoBleedingEdge/lib/mono/unityjit-win32'
Mono config path = 'C:/Program Files/Unity/Hub/Editor/6000.0.24f1/Editor/Data/MonoBleedingEdge/etc'
Using monoOptions --debugger-agent=transport=dt_socket,embedding=1,server=y,suspend=n,address=127.0.0.1:56308
Begin MonoManager ReloadAssembly
Registering precompiled unity dll's ...
Register platform support module: C:/Program Files/Unity/Hub/Editor/6000.0.24f1/Editor/Data/PlaybackEngines/WindowsStandaloneSupport/UnityEditor.WindowsStandalone.Extensions.dll
Registered in 0.002017 seconds.
- Loaded All Assemblies, in  0.278 seconds
Native extension for WindowsStandalone target not found
Mono: successfully reloaded assembly
- Finished resetting the current domain, in  0.233 seconds
Domain Reload Profiling: 510ms
	BeginReloadAssembly (97ms)
		ExecutionOrderSort (0ms)
		DisableScriptedObjects (0ms)
		BackupInstance (0ms)
		ReleaseScriptingObjects (0ms)
		CreateAndSetChildDomain (1ms)
	RebuildCommonClasses (27ms)
	RebuildNativeTypeToScriptingClass (8ms)
	initialDomainReloadingComplete (35ms)
	LoadAllAssembliesAndSetupDomain (109ms)
		LoadAssemblies (95ms)
		RebuildTransferFunctionScriptingTraits (0ms)
		AnalyzeDomain (107ms)
			TypeCache.Refresh (105ms)
				TypeCache.ScanAssembly (96ms)
			BuildScriptInfoCaches (0ms)
			ResolveRequiredComponents (0ms)
	FinalizeReload (234ms)
		ReleaseScriptCaches (0ms)
		RebuildScriptCaches (0ms)
		SetupLoadedEditorAssemblies (200ms)
			LogAssemblyErrors (0ms)
			InitializePlatformSupportModulesInManaged (21ms)
			SetLoadedEditorAssemblies (4ms)
			BeforeProcessingInitializeOnLoad (4ms)
			ProcessInitializeOnLoadAttributes (121ms)
			ProcessInitializeOnLoadMethodAttributes (47ms)
			AfterProcessingInitializeOnLoad (2ms)
			EditorAssembliesLoaded (0ms)
		ExecutionOrderSort2 (0ms)
		AwakeInstancesAfterBackupRestoration (0ms)
========================================================================
Worker process is ready to serve import requests
Import Worker Mode flag is 0x00
Begin MonoManager ReloadAssembly
- Loaded All Assemblies, in  0.917 seconds
Refreshing native plugins compatible for Editor in 0.89 ms, found 4 plugins.
Native extension for WindowsStandalone target not found
Mono: successfully reloaded assembly
- Finished resetting the current domain, in  0.826 seconds
Domain Reload Profiling: 1740ms
	BeginReloadAssembly (336ms)
		ExecutionOrderSort (0ms)
		DisableScriptedObjects (9ms)
		BackupInstance (0ms)
		ReleaseScriptingObjects (0ms)
		CreateAndSetChildDomain (34ms)
	RebuildCommonClasses (31ms)
	RebuildNativeTypeToScriptingClass (9ms)
	initialDomainReloadingComplete (31ms)
	LoadAllAssembliesAndSetupDomain (506ms)
		LoadAssemblies (341ms)
		RebuildTransferFunctionScriptingTraits (0ms)
		AnalyzeDomain (250ms)
			TypeCache.Refresh (155ms)
				TypeCache.ScanAssembly (141ms)
			BuildScriptInfoCaches (84ms)
			ResolveRequiredComponents (8ms)
	FinalizeReload (827ms)
		ReleaseScriptCaches (0ms)
		RebuildScriptCaches (0ms)
		SetupLoadedEditorAssemblies (646ms)
			LogAssemblyErrors (0ms)
			InitializePlatformSupportModulesInManaged (2ms)
			SetLoadedEditorAssemblies (5ms)
			BeforeProcessingInitializeOnLoad (123ms)
			ProcessInitializeOnLoadAttributes (424ms)
			ProcessInitializeOnLoadMethodAttributes (85ms)
			AfterProcessingInitializeOnLoad (7ms)
			EditorAssembliesLoaded (0ms)
		ExecutionOrderSort2 (0ms)
		AwakeInstancesAfterBackupRestoration (6ms)
Launched and connected shader compiler UnityShaderCompiler.exe after 0.01 seconds
Refreshing native plugins compatible for Editor in 1.01 ms, found 4 plugins.
Preloading 0 native plugins for Editor in 0.00 ms.
Unloading 215 Unused Serialized files (Serialized files now loaded: 0)
Unloading 7126 unused Assets / (5.7 MB). Loaded Objects now: 7921.
Memory consumption went from 201.2 MB to 195.5 MB.
Total: 10.178400 ms (FindLiveObjects: 0.771100 ms CreateObjectMapping: 0.617200 ms MarkObjects: 5.249300 ms  DeleteObjects: 3.539500 ms)

========================================================================
Received Import Request.
  Time since last request: 736139.570178 seconds.
  path: Assets/A_Cello_Folder 1
  artifactKey: Guid(3178a5c9fc18b4549a1c5ae5e2b16c70) Importer(815301076,1909f56bfc062723c751e8b465ee728b)
Start importing Assets/A_Cello_Folder 1 using Guid(3178a5c9fc18b4549a1c5ae5e2b16c70) Importer(815301076,1909f56bfc062723c751e8b465ee728b) (PreviewImporter) -> (artifact id: 'dfe477831d32e9bb30f8e6ee1357c91f') in 0.0069663 seconds
Number of updated asset objects reloaded before import = 0Number of asset objects unloaded after import = 0

========================================================================
Received Import Request.
  Time since last request: 0.116588 seconds.
  path: Assets/A_Cello_Folder 2
  artifactKey: Guid(d8610f125d68b4942b55a325ceafef2a) Importer(815301076,1909f56bfc062723c751e8b465ee728b)
Start importing Assets/A_Cello_Folder 2 using Guid(d8610f125d68b4942b55a325ceafef2a) Importer(815301076,1909f56bfc062723c751e8b465ee728b) (PreviewImporter) -> (artifact id: 'c5248db517dc73412245be0de6694e82') in 0.0004736 seconds
Number of updated asset objects reloaded before import = 0Number of asset objects unloaded after import = 0

========================================================================
Received Import Request.
  Time since last request: 1.321065 seconds.
  path: Assets/A_Cello_Folder 3
  artifactKey: Guid(4af0d2b1b6862814bb604877c44c31d5) Importer(815301076,1909f56bfc062723c751e8b465ee728b)
Start importing Assets/A_Cello_Folder 3 using Guid(4af0d2b1b6862814bb604877c44c31d5) Importer(815301076,1909f56bfc062723c751e8b465ee728b) (PreviewImporter) -> (artifact id: '8df55841e6d3ff1486dad6668de87266') in 0.0004749 seconds
Number of updated asset objects reloaded before import = 0Number of asset objects unloaded after import = 0

========================================================================
Received Import Request.
  Time since last request: 8.892664 seconds.
  path: Assets/A_Grend_Folder 1
  artifactKey: Guid(3178a5c9fc18b4549a1c5ae5e2b16c70) Importer(815301076,1909f56bfc062723c751e8b465ee728b)
Start importing Assets/A_Grend_Folder 1 using Guid(3178a5c9fc18b4549a1c5ae5e2b16c70) Importer(815301076,1909f56bfc062723c751e8b465ee728b) (PreviewImporter) -> (artifact id: 'beac22c4476baea4dd4d4c0bc9c25079') in 0.0006448 seconds
Number of updated asset objects reloaded before import = 0Number of asset objects unloaded after import = 0

========================================================================
Received Import Request.
  Time since last request: 10.725212 seconds.
  path: Assets/A_Gerard_Folder
  artifactKey: Guid(4af0d2b1b6862814bb604877c44c31d5) Importer(815301076,1909f56bfc062723c751e8b465ee728b)
Start importing Assets/A_Gerard_Folder using Guid(4af0d2b1b6862814bb604877c44c31d5) Importer(815301076,1909f56bfc062723c751e8b465ee728b) (PreviewImporter) -> (artifact id: 'ede02f16e9355487dd697d6be18b9b34') in 0.0006753 seconds
Number of updated asset objects reloaded before import = 0Number of asset objects unloaded after import = 0

========================================================================
Received Import Request.
  Time since last request: 5.505471 seconds.
  path: Assets/A_Grend_Folder
  artifactKey: Guid(3178a5c9fc18b4549a1c5ae5e2b16c70) Importer(815301076,1909f56bfc062723c751e8b465ee728b)
Start importing Assets/A_Grend_Folder using Guid(3178a5c9fc18b4549a1c5ae5e2b16c70) Importer(815301076,1909f56bfc062723c751e8b465ee728b) (PreviewImporter) -> (artifact id: '3bf143476db51f04b10a8ffd474744b2') in 0.0009381 seconds
Number of updated asset objects reloaded before import = 0Number of asset objects unloaded after import = 0

========================================================================
Received Import Request.
  Time since last request: 17.656190 seconds.
  path: Assets/A_Nomitha_Folder
  artifactKey: Guid(d8610f125d68b4942b55a325ceafef2a) Importer(815301076,1909f56bfc062723c751e8b465ee728b)
Start importing Assets/A_Nomitha_Folder using Guid(d8610f125d68b4942b55a325ceafef2a) Importer(815301076,1909f56bfc062723c751e8b465ee728b) (PreviewImporter) -> (artifact id: '465f0d08309f082bb519e648d98aae69') in 0.0004866 seconds
Number of updated asset objects reloaded before import = 0Number of asset objects unloaded after import = 0

========================================================================
Received Import Request.
  Time since last request: 7.905895 seconds.
  path: Assets/A_Amee_Folder
  artifactKey: Guid(b37b54eff8a4666429acb12463425025) Importer(815301076,1909f56bfc062723c751e8b465ee728b)
Start importing Assets/A_Amee_Folder using Guid(b37b54eff8a4666429acb12463425025) Importer(815301076,1909f56bfc062723c751e8b465ee728b) (PreviewImporter) -> (artifact id: 'ec0cf01c939d03eabcbef921fe1ba710') in 0.0008224 seconds
Number of updated asset objects reloaded before import = 0Number of asset objects unloaded after import = 0

========================================================================
Received Import Request.
  Time since last request: 175.497298 seconds.
  path: Assets/A_Amee_128x128_Dungeon_Design
  artifactKey: Guid(b37b54eff8a4666429acb12463425025) Importer(815301076,1909f56bfc062723c751e8b465ee728b)
Start importing Assets/A_Amee_128x128_Dungeon_Design using Guid(b37b54eff8a4666429acb12463425025) Importer(815301076,1909f56bfc062723c751e8b465ee728b) (PreviewImporter) -> (artifact id: '9fa6b9c4913db189b67067968d966f46') in 0.0006364 seconds
Number of updated asset objects reloaded before import = 0Number of asset objects unloaded after import = 0

========================================================================
Received Import Request.
  Time since last request: 0.700590 seconds.
  path: Assets/A_Cello_Folder
  artifactKey: Guid(9fe30f5907ae25e4a94a2ff38a717d26) Importer(815301076,1909f56bfc062723c751e8b465ee728b)
Start importing Assets/A_Cello_Folder using Guid(9fe30f5907ae25e4a94a2ff38a717d26) Importer(815301076,1909f56bfc062723c751e8b465ee728b) (PreviewImporter) -> (artifact id: 'ebcb08afa1a9187298b06cff5eaf640f') in 0.0005246 seconds
Number of updated asset objects reloaded before import = 0Number of asset objects unloaded after import = 0

========================================================================
Received Import Request.
  Time since last request: 3.299710 seconds.
  path: Assets/A_Cello_128x128_Dungeon_Design
  artifactKey: Guid(9fe30f5907ae25e4a94a2ff38a717d26) Importer(815301076,1909f56bfc062723c751e8b465ee728b)
Start importing Assets/A_Cello_128x128_Dungeon_Design using Guid(9fe30f5907ae25e4a94a2ff38a717d26) Importer(815301076,1909f56bfc062723c751e8b465ee728b) (PreviewImporter) -> (artifact id: '64338aa1a4779e5f36095d3dfa259616') in 0.0004896 seconds
Number of updated asset objects reloaded before import = 0Number of asset objects unloaded after import = 0

========================================================================
Received Import Request.
  Time since last request: 3.396060 seconds.
  path: Assets/A_Gerard_128x128_Dungeon_Design
  artifactKey: Guid(4af0d2b1b6862814bb604877c44c31d5) Importer(815301076,1909f56bfc062723c751e8b465ee728b)
Start importing Assets/A_Gerard_128x128_Dungeon_Design using Guid(4af0d2b1b6862814bb604877c44c31d5) Importer(815301076,1909f56bfc062723c751e8b465ee728b) (PreviewImporter) -> (artifact id: '3ec987b1b5396921d2e5aab64c94dd89') in 0.0006218 seconds
Number of updated asset objects reloaded before import = 0Number of asset objects unloaded after import = 0

========================================================================
Received Import Request.
  Time since last request: 3.481490 seconds.
  path: Assets/A_Grend_128x128_Dungeon_Design
  artifactKey: Guid(3178a5c9fc18b4549a1c5ae5e2b16c70) Importer(815301076,1909f56bfc062723c751e8b465ee728b)
Start importing Assets/A_Grend_128x128_Dungeon_Design using Guid(3178a5c9fc18b4549a1c5ae5e2b16c70) Importer(815301076,1909f56bfc062723c751e8b465ee728b) (PreviewImporter) -> (artifact id: '53c8deddc4e14e5f9e06fbe1b335c8a3') in 0.0005539 seconds
Number of updated asset objects reloaded before import = 0Number of asset objects unloaded after import = 0

========================================================================
Received Import Request.
  Time since last request: 3.690818 seconds.
  path: Assets/A_Nomitha_128x128_Dungeon_Design
  artifactKey: Guid(d8610f125d68b4942b55a325ceafef2a) Importer(815301076,1909f56bfc062723c751e8b465ee728b)
Start importing Assets/A_Nomitha_128x128_Dungeon_Design using Guid(d8610f125d68b4942b55a325ceafef2a) Importer(815301076,1909f56bfc062723c751e8b465ee728b) (PreviewImporter) -> (artifact id: 'a827d0c6cf8fb75721f0650f132da764') in 0.0005027 seconds
Number of updated asset objects reloaded before import = 0Number of asset objects unloaded after import = 0

