Using pre-set license
Built from '6000.0/staging' branch; Version is '6000.0.24f1 (11fa355cd605) revision 1178165'; Using compiler version '193933523'; Build Type 'Release'
OS: 'Windows 11  (10.0.26200) 64bit Core' Language: 'en' Physical Memory: 65395 MB
BatchMode: 1, IsHumanControllingUs: 0, StartBugReporterOnCrash: 0, Is64bit: 1, IsPro: 1

COMMAND LINE ARGUMENTS:
C:\Program Files\Unity\Hub\Editor\6000.0.24f1\Editor\Unity.exe
-adb2
-batchMode
-noUpm
-name
AssetImportWorker0
-projectPath
C:/Users/User/Desktop/Github Desktop/Fate-Unbound/Fate_Unbound_Unity_6000.0.24f1
-logFile
Logs/AssetImportWorker0.log
-srvPort
64944
-job-worker-count
9
-background-job-worker-count
8
-asset-garbage-collectors
1
Successfully changed project path to: C:/Users/User/Desktop/Github Desktop/Fate-Unbound/Fate_Unbound_Unity_6000.0.24f1
C:/Users/User/Desktop/Github Desktop/Fate-Unbound/Fate_Unbound_Unity_6000.0.24f1
[UnityMemory] Configuration Parameters - Can be set up in boot.config
    "memorysetup-bucket-allocator-granularity=16"
    "memorysetup-bucket-allocator-bucket-count=8"
    "memorysetup-bucket-allocator-block-size=33554432"
    "memorysetup-bucket-allocator-block-count=8"
    "memorysetup-main-allocator-block-size=16777216"
    "memorysetup-thread-allocator-block-size=16777216"
    "memorysetup-gfx-main-allocator-block-size=16777216"
    "memorysetup-gfx-thread-allocator-block-size=16777216"
    "memorysetup-cache-allocator-block-size=4194304"
    "memorysetup-typetree-allocator-block-size=2097152"
    "memorysetup-profiler-bucket-allocator-granularity=16"
    "memorysetup-profiler-bucket-allocator-bucket-count=8"
    "memorysetup-profiler-bucket-allocator-block-size=33554432"
    "memorysetup-profiler-bucket-allocator-block-count=8"
    "memorysetup-profiler-allocator-block-size=16777216"
    "memorysetup-profiler-editor-allocator-block-size=1048576"
    "memorysetup-temp-allocator-size-main=16777216"
    "memorysetup-job-temp-allocator-block-size=2097152"
    "memorysetup-job-temp-allocator-block-size-background=1048576"
    "memorysetup-job-temp-allocator-reduction-small-platforms=262144"
    "memorysetup-allocator-temp-initial-block-size-main=262144"
    "memorysetup-allocator-temp-initial-block-size-worker=262144"
    "memorysetup-temp-allocator-size-background-worker=32768"
    "memorysetup-temp-allocator-size-job-worker=262144"
    "memorysetup-temp-allocator-size-preload-manager=33554432"
    "memorysetup-temp-allocator-size-nav-mesh-worker=65536"
    "memorysetup-temp-allocator-size-audio-worker=65536"
    "memorysetup-temp-allocator-size-cloud-worker=32768"
    "memorysetup-temp-allocator-size-gi-baking-worker=262144"
    "memorysetup-temp-allocator-size-gi-baking-worker=262144"
    "memorysetup-temp-allocator-size-gi-baking-worker=262144"
    "memorysetup-temp-allocator-size-gi-baking-worker=262144"
    "memorysetup-temp-allocator-size-gi-baking-worker=262144"
    "memorysetup-temp-allocator-size-gfx=262144"
Player connection [4032]  Target information:

Player connection [4032]  * "[IP] 192.168.10.117 [Port] 0 [Flags] 2 [Guid] 2324167977 [EditorId] 2324167977 [Version] 1048832 [Id] WindowsEditor(7,DESKTOP-ASE2N49) [Debug] 1 [PackageName] WindowsEditor [ProjectName] Editor" 

Player connection [4032] Host joined multi-casting on [225.0.0.222:54997]...
Player connection [4032] Host joined alternative multi-casting on [225.0.0.222:34997]...
JobSystem: Creating JobQueue using job-worker-count value 9
[Physics::Module] Initialized fallback backend.
[Physics::Module] Id: 0xdecafbad
Library Redirect Path: Library/
[Physics::Module] Selected backend.
[Physics::Module] Name: PhysX
[Physics::Module] Id: 0xf2b8ea05
[Physics::Module] SDK Version: 4.1.2
[Physics::Module] Integration Version: 1.0.0
[Physics::Module] Threading Mode: Multi-Threaded
Refreshing native plugins compatible for Editor in 2.20 ms, found 4 plugins.
Preloading 0 native plugins for Editor in 0.00 ms.
Initialize engine version: 6000.0.24f1 (11fa355cd605)
[Subsystems] Discovering subsystems at path C:/Program Files/Unity/Hub/Editor/6000.0.24f1/Editor/Data/Resources/UnitySubsystems
[Subsystems] Discovering subsystems at path C:/Users/User/Desktop/Github Desktop/Fate-Unbound/Fate_Unbound_Unity_6000.0.24f1/Assets
GfxDevice: creating device client; kGfxThreadingModeNonThreaded
Direct3D:
    Version:  Direct3D 11.0 [level 11.1]
    Renderer: NVIDIA GeForce RTX 3060 (ID=0x2504)
    Vendor:   NVIDIA
    VRAM:     12115 MB
    Driver:   32.0.15.6094
Initialize mono
Mono path[0] = 'C:/Program Files/Unity/Hub/Editor/6000.0.24f1/Editor/Data/Managed'
Mono path[1] = 'C:/Program Files/Unity/Hub/Editor/6000.0.24f1/Editor/Data/MonoBleedingEdge/lib/mono/unityjit-win32'
Mono config path = 'C:/Program Files/Unity/Hub/Editor/6000.0.24f1/Editor/Data/MonoBleedingEdge/etc'
Using monoOptions --debugger-agent=transport=dt_socket,embedding=1,server=y,suspend=n,address=127.0.0.1:56864
Begin MonoManager ReloadAssembly
Registering precompiled unity dll's ...
Register platform support module: C:/Program Files/Unity/Hub/Editor/6000.0.24f1/Editor/Data/PlaybackEngines/WindowsStandaloneSupport/UnityEditor.WindowsStandalone.Extensions.dll
Registered in 0.002678 seconds.
- Loaded All Assemblies, in  0.429 seconds
Native extension for WindowsStandalone target not found
Mono: successfully reloaded assembly
- Finished resetting the current domain, in  0.417 seconds
Domain Reload Profiling: 843ms
	BeginReloadAssembly (141ms)
		ExecutionOrderSort (0ms)
		DisableScriptedObjects (0ms)
		BackupInstance (0ms)
		ReleaseScriptingObjects (0ms)
		CreateAndSetChildDomain (1ms)
	RebuildCommonClasses (36ms)
	RebuildNativeTypeToScriptingClass (10ms)
	initialDomainReloadingComplete (56ms)
	LoadAllAssembliesAndSetupDomain (183ms)
		LoadAssemblies (138ms)
		RebuildTransferFunctionScriptingTraits (0ms)
		AnalyzeDomain (180ms)
			TypeCache.Refresh (177ms)
				TypeCache.ScanAssembly (161ms)
			BuildScriptInfoCaches (0ms)
			ResolveRequiredComponents (1ms)
	FinalizeReload (417ms)
		ReleaseScriptCaches (0ms)
		RebuildScriptCaches (0ms)
		SetupLoadedEditorAssemblies (361ms)
			LogAssemblyErrors (0ms)
			InitializePlatformSupportModulesInManaged (30ms)
			SetLoadedEditorAssemblies (7ms)
			BeforeProcessingInitializeOnLoad (11ms)
			ProcessInitializeOnLoadAttributes (231ms)
			ProcessInitializeOnLoadMethodAttributes (80ms)
			AfterProcessingInitializeOnLoad (3ms)
			EditorAssembliesLoaded (0ms)
		ExecutionOrderSort2 (0ms)
		AwakeInstancesAfterBackupRestoration (0ms)
========================================================================
Worker process is ready to serve import requests
Import Worker Mode flag is 0x00
Begin MonoManager ReloadAssembly
- Loaded All Assemblies, in  1.821 seconds
Refreshing native plugins compatible for Editor in 1.47 ms, found 4 plugins.
Native extension for WindowsStandalone target not found
Mono: successfully reloaded assembly
- Finished resetting the current domain, in  1.578 seconds
Domain Reload Profiling: 3393ms
	BeginReloadAssembly (511ms)
		ExecutionOrderSort (0ms)
		DisableScriptedObjects (7ms)
		BackupInstance (0ms)
		ReleaseScriptingObjects (0ms)
		CreateAndSetChildDomain (50ms)
	RebuildCommonClasses (58ms)
	RebuildNativeTypeToScriptingClass (11ms)
	initialDomainReloadingComplete (54ms)
	LoadAllAssembliesAndSetupDomain (1179ms)
		LoadAssemblies (726ms)
		RebuildTransferFunctionScriptingTraits (0ms)
		AnalyzeDomain (588ms)
			TypeCache.Refresh (383ms)
				TypeCache.ScanAssembly (346ms)
			BuildScriptInfoCaches (184ms)
			ResolveRequiredComponents (16ms)
	FinalizeReload (1579ms)
		ReleaseScriptCaches (0ms)
		RebuildScriptCaches (0ms)
		SetupLoadedEditorAssemblies (1230ms)
			LogAssemblyErrors (0ms)
			InitializePlatformSupportModulesInManaged (3ms)
			SetLoadedEditorAssemblies (12ms)
			BeforeProcessingInitializeOnLoad (233ms)
			ProcessInitializeOnLoadAttributes (793ms)
			ProcessInitializeOnLoadMethodAttributes (178ms)
			AfterProcessingInitializeOnLoad (10ms)
			EditorAssembliesLoaded (1ms)
		ExecutionOrderSort2 (0ms)
		AwakeInstancesAfterBackupRestoration (11ms)
Launched and connected shader compiler UnityShaderCompiler.exe after 0.02 seconds
Refreshing native plugins compatible for Editor in 2.29 ms, found 4 plugins.
Preloading 0 native plugins for Editor in 0.00 ms.
Unloading 229 Unused Serialized files (Serialized files now loaded: 0)
Unloading 7227 unused Assets / (5.7 MB). Loaded Objects now: 8034.
Memory consumption went from 207.6 MB to 201.9 MB.
Total: 21.557000 ms (FindLiveObjects: 1.341900 ms CreateObjectMapping: 0.986600 ms MarkObjects: 10.011900 ms  DeleteObjects: 9.213600 ms)

========================================================================
Received Import Request.
  Time since last request: 298487.662464 seconds.
  path: Assets/Resources/Prefabs/PlayerClasses/Player_Empty.prefab
  artifactKey: Guid(7d5bfb8b88f0033489df2a1a2e63f9af) Importer(815301076,1909f56bfc062723c751e8b465ee728b)
Start importing Assets/Resources/Prefabs/PlayerClasses/Player_Empty.prefab using Guid(7d5bfb8b88f0033489df2a1a2e63f9af) Importer(815301076,1909f56bfc062723c751e8b465ee728b) (PreviewImporter) -> (artifact id: 'b9fe510fbc342f001672897b14115ed0') in 0.7169408 seconds
Number of updated asset objects reloaded before import = 0Number of asset objects unloaded after import = 10

========================================================================
Received Import Request.
  Time since last request: 315.352949 seconds.
  path: Assets/Resources/Animation/PlayerClasses/Animation Paladin/Player_Paladin.controller
  artifactKey: Guid(b0c9051b2aae1b844a34468692a30c97) Importer(815301076,1909f56bfc062723c751e8b465ee728b)
Start importing Assets/Resources/Animation/PlayerClasses/Animation Paladin/Player_Paladin.controller using Guid(b0c9051b2aae1b844a34468692a30c97) Importer(815301076,1909f56bfc062723c751e8b465ee728b) (PreviewImporter) -> (artifact id: 'ba233b7da878445fd5e79c9fdf8a77d5') in 0.0062489 seconds
Number of updated asset objects reloaded before import = 0Number of asset objects unloaded after import = 34

========================================================================
Received Import Request.
  Time since last request: 20.945402 seconds.
  path: Assets/Resources/Animation/PlayerClasses
  artifactKey: Guid(fd787336aaba27649b84e1e1e220faf0) Importer(815301076,1909f56bfc062723c751e8b465ee728b)
Start importing Assets/Resources/Animation/PlayerClasses using Guid(fd787336aaba27649b84e1e1e220faf0) Importer(815301076,1909f56bfc062723c751e8b465ee728b) (PreviewImporter) -> (artifact id: '913d41a82f673aef28efe53c80659ee7') in 0.0007677 seconds
Number of updated asset objects reloaded before import = 0Number of asset objects unloaded after import = 0

========================================================================
Received Import Request.
  Time since last request: 0.930904 seconds.
  path: Assets/Resources/Animation/PlayerClasses/Animation Paladin
  artifactKey: Guid(2b8747e851b335f43883d5b0ac606921) Importer(815301076,1909f56bfc062723c751e8b465ee728b)
Start importing Assets/Resources/Animation/PlayerClasses/Animation Paladin using Guid(2b8747e851b335f43883d5b0ac606921) Importer(815301076,1909f56bfc062723c751e8b465ee728b) (PreviewImporter) -> (artifact id: '0295aebc5c90bbe538dd1ec7840a8d71') in 0.0008157 seconds
Number of updated asset objects reloaded before import = 0Number of asset objects unloaded after import = 0

========================================================================
Received Import Request.
  Time since last request: 41.405233 seconds.
  path: Assets/Resources/Sprites/PlayerClasses
  artifactKey: Guid(0ff4caf9b409cac4dbade56347ee763f) Importer(815301076,1909f56bfc062723c751e8b465ee728b)
Start importing Assets/Resources/Sprites/PlayerClasses using Guid(0ff4caf9b409cac4dbade56347ee763f) Importer(815301076,1909f56bfc062723c751e8b465ee728b) (PreviewImporter) -> (artifact id: '9f536caf3de311bb9da7be0a3b9cb514') in 0.0005451 seconds
Number of updated asset objects reloaded before import = 0Number of asset objects unloaded after import = 0

========================================================================
Received Import Request.
  Time since last request: 18.957081 seconds.
  path: Assets/Resources/Sprites
  artifactKey: Guid(1dc08bf1488e07549ae2a61b04db582d) Importer(815301076,1909f56bfc062723c751e8b465ee728b)
Start importing Assets/Resources/Sprites using Guid(1dc08bf1488e07549ae2a61b04db582d) Importer(815301076,1909f56bfc062723c751e8b465ee728b) (PreviewImporter) -> (artifact id: '2914af6b2a4174e3ec58f0ec1cebd976') in 0.0005114 seconds
Number of updated asset objects reloaded before import = 0Number of asset objects unloaded after import = 0

========================================================================
Received Import Request.
  Time since last request: 5.813536 seconds.
  path: Assets/Art/Characters
  artifactKey: Guid(3e4c82007251f974898852c167faa5e8) Importer(815301076,1909f56bfc062723c751e8b465ee728b)
Start importing Assets/Art/Characters using Guid(3e4c82007251f974898852c167faa5e8) Importer(815301076,1909f56bfc062723c751e8b465ee728b) (PreviewImporter) -> (artifact id: '3cc7e4a09c7e8def7576ddc86b3b155c') in 0.000517 seconds
Number of updated asset objects reloaded before import = 0Number of asset objects unloaded after import = 0

========================================================================
Received Import Request.
  Time since last request: 1.061199 seconds.
  path: Assets/Art/Characters/Player Classes
  artifactKey: Guid(6451004a467eacd46a2874817b143832) Importer(815301076,1909f56bfc062723c751e8b465ee728b)
Start importing Assets/Art/Characters/Player Classes using Guid(6451004a467eacd46a2874817b143832) Importer(815301076,1909f56bfc062723c751e8b465ee728b) (PreviewImporter) -> (artifact id: '9998b5d6ef83c45c7a940f3fdc1fe93d') in 0.0005341 seconds
Number of updated asset objects reloaded before import = 0Number of asset objects unloaded after import = 0

========================================================================
Received Import Request.
  Time since last request: 0.783811 seconds.
  path: Assets/Art/Characters/Player Classes/2D HD Character Knight
  artifactKey: Guid(b576a7c668e2d5742b5ac29da065ebba) Importer(815301076,1909f56bfc062723c751e8b465ee728b)
Start importing Assets/Art/Characters/Player Classes/2D HD Character Knight using Guid(b576a7c668e2d5742b5ac29da065ebba) Importer(815301076,1909f56bfc062723c751e8b465ee728b) (PreviewImporter) -> (artifact id: 'e0a3d6f98f49ca962372adb66154b1c3') in 0.0004961 seconds
Number of updated asset objects reloaded before import = 0Number of asset objects unloaded after import = 0

========================================================================
Received Import Request.
  Time since last request: 0.609382 seconds.
  path: Assets/Art/Characters/Player Classes/2D HD Character Knight/Spritesheets
  artifactKey: Guid(a90a2e7260c016346b5a5586d36f4e50) Importer(815301076,1909f56bfc062723c751e8b465ee728b)
Start importing Assets/Art/Characters/Player Classes/2D HD Character Knight/Spritesheets using Guid(a90a2e7260c016346b5a5586d36f4e50) Importer(815301076,1909f56bfc062723c751e8b465ee728b) (PreviewImporter) -> (artifact id: '891c5f2508081192fdeedc5b7ce3b48a') in 0.0004955 seconds
Number of updated asset objects reloaded before import = 0Number of asset objects unloaded after import = 0

========================================================================
Received Import Request.
  Time since last request: 0.574006 seconds.
  path: Assets/Art/Characters/Player Classes/2D HD Character Knight/Spritesheets/With shadows
  artifactKey: Guid(356c87ad9224b0441ad8b92a1656578f) Importer(815301076,1909f56bfc062723c751e8b465ee728b)
Start importing Assets/Art/Characters/Player Classes/2D HD Character Knight/Spritesheets/With shadows using Guid(356c87ad9224b0441ad8b92a1656578f) Importer(815301076,1909f56bfc062723c751e8b465ee728b) (PreviewImporter) -> (artifact id: '2bb23d8198198612247afc6076031314') in 0.0004927 seconds
Number of updated asset objects reloaded before import = 0Number of asset objects unloaded after import = 0

========================================================================
Received Import Request.
  Time since last request: 2.814252 seconds.
  path: Assets/Art/Characters/Player Classes/2D HD Character Knight/Spritesheets/With shadows/180Turn.png
  artifactKey: Guid(0a1fa25442aaf4f47b040ba174178070) Importer(815301076,1909f56bfc062723c751e8b465ee728b)
Start importing Assets/Art/Characters/Player Classes/2D HD Character Knight/Spritesheets/With shadows/180Turn.png using Guid(0a1fa25442aaf4f47b040ba174178070) Importer(815301076,1909f56bfc062723c751e8b465ee728b) (PreviewImporter) -> (artifact id: 'ec9c03482f50d8c7d03ef73c0ade7c83') in 0.3132526 seconds
Number of updated asset objects reloaded before import = 0Number of asset objects unloaded after import = 126

========================================================================
Received Import Request.
  Time since last request: 0.000027 seconds.
  path: Assets/Art/Characters/Player Classes/2D HD Character Knight/Spritesheets/With shadows/UnSheathSword.png
  artifactKey: Guid(560141d0fdf843341821e66a05779e41) Importer(815301076,1909f56bfc062723c751e8b465ee728b)
Start importing Assets/Art/Characters/Player Classes/2D HD Character Knight/Spritesheets/With shadows/UnSheathSword.png using Guid(560141d0fdf843341821e66a05779e41) Importer(815301076,1909f56bfc062723c751e8b465ee728b) (PreviewImporter) -> (artifact id: '541f8f4158c7a3c5e866dba305dea075') in 0.4185735 seconds
Number of updated asset objects reloaded before import = 0Number of asset objects unloaded after import = 130

========================================================================
Received Import Request.
  Time since last request: 0.000115 seconds.
  path: Assets/Art/Characters/Player Classes/2D HD Character Knight/Spritesheets/With shadows/Melee.png
  artifactKey: Guid(8248001adac8eb74187f8e768f3842d9) Importer(815301076,1909f56bfc062723c751e8b465ee728b)
Start importing Assets/Art/Characters/Player Classes/2D HD Character Knight/Spritesheets/With shadows/Melee.png using Guid(8248001adac8eb74187f8e768f3842d9) Importer(815301076,1909f56bfc062723c751e8b465ee728b) (PreviewImporter) -> (artifact id: '19b546645d98467c840fd1fb58d54c0f') in 0.5664361 seconds
Number of updated asset objects reloaded before import = 0Number of asset objects unloaded after import = 128

========================================================================
Received Import Request.
  Time since last request: 0.000042 seconds.
  path: Assets/Art/Characters/Player Classes/2D HD Character Knight/Spritesheets/With shadows/Die.png
  artifactKey: Guid(92c7add9b5de3c14a877fa54b5990699) Importer(815301076,1909f56bfc062723c751e8b465ee728b)
Start importing Assets/Art/Characters/Player Classes/2D HD Character Knight/Spritesheets/With shadows/Die.png using Guid(92c7add9b5de3c14a877fa54b5990699) Importer(815301076,1909f56bfc062723c751e8b465ee728b) (PreviewImporter) -> (artifact id: '9676f4887414ef2410e370545580aba5') in 0.4290447 seconds
Number of updated asset objects reloaded before import = 0Number of asset objects unloaded after import = 125

========================================================================
Received Import Request.
  Time since last request: 0.007873 seconds.
  path: Assets/Art/Characters/Player Classes/2D HD Character Knight/Spritesheets/With shadows/TakeDamage.png
  artifactKey: Guid(a6be1c3fed0480f4b9af1473df7e22ff) Importer(815301076,1909f56bfc062723c751e8b465ee728b)
Start importing Assets/Art/Characters/Player Classes/2D HD Character Knight/Spritesheets/With shadows/TakeDamage.png using Guid(a6be1c3fed0480f4b9af1473df7e22ff) Importer(815301076,1909f56bfc062723c751e8b465ee728b) (PreviewImporter) -> (artifact id: '795691beb962d120a1910849d0bdddab') in 0.4200642 seconds
Number of updated asset objects reloaded before import = 0Number of asset objects unloaded after import = 128

========================================================================
Received Import Request.
  Time since last request: 0.000042 seconds.
  path: Assets/Art/Characters/Player Classes/2D HD Character Knight/Spritesheets/With shadows/Run.png
  artifactKey: Guid(6f8f0913eed3815458881f1e6665497d) Importer(815301076,1909f56bfc062723c751e8b465ee728b)
Start importing Assets/Art/Characters/Player Classes/2D HD Character Knight/Spritesheets/With shadows/Run.png using Guid(6f8f0913eed3815458881f1e6665497d) Importer(815301076,1909f56bfc062723c751e8b465ee728b) (PreviewImporter) -> (artifact id: 'e68f6cea3fbfbb3575ec6f62142918ce') in 0.3766893 seconds
Number of updated asset objects reloaded before import = 0Number of asset objects unloaded after import = 122

========================================================================
Received Import Request.
  Time since last request: 0.000060 seconds.
  path: Assets/Art/Characters/Player Classes/2D HD Character Knight/Spritesheets/With shadows/Special1.png
  artifactKey: Guid(15c117f8ba393604096c42d9c8348490) Importer(815301076,1909f56bfc062723c751e8b465ee728b)
Start importing Assets/Art/Characters/Player Classes/2D HD Character Knight/Spritesheets/With shadows/Special1.png using Guid(15c117f8ba393604096c42d9c8348490) Importer(815301076,1909f56bfc062723c751e8b465ee728b) (PreviewImporter) -> (artifact id: '2e726e8e4d9be5a7c346ee046c60d463') in 0.4237035 seconds
Number of updated asset objects reloaded before import = 0Number of asset objects unloaded after import = 131

========================================================================
Received Import Request.
  Time since last request: 0.000037 seconds.
  path: Assets/Art/Characters/Player Classes/2D HD Character Knight/Spritesheets/With shadows/Kick.png
  artifactKey: Guid(85768d6613f818f489ff17fb69c2f00e) Importer(815301076,1909f56bfc062723c751e8b465ee728b)
Start importing Assets/Art/Characters/Player Classes/2D HD Character Knight/Spritesheets/With shadows/Kick.png using Guid(85768d6613f818f489ff17fb69c2f00e) Importer(815301076,1909f56bfc062723c751e8b465ee728b) (PreviewImporter) -> (artifact id: '21635a04fdb76b4e07b4112370e5f218') in 0.2915346 seconds
Number of updated asset objects reloaded before import = 0Number of asset objects unloaded after import = 124

========================================================================
Received Import Request.
  Time since last request: 0.000036 seconds.
  path: Assets/Art/Characters/Player Classes/2D HD Character Knight/Spritesheets/With shadows/CrouchIdle.png
  artifactKey: Guid(3ca0199c0b25e5c42b46831653f9ada1) Importer(815301076,1909f56bfc062723c751e8b465ee728b)
Start importing Assets/Art/Characters/Player Classes/2D HD Character Knight/Spritesheets/With shadows/CrouchIdle.png using Guid(3ca0199c0b25e5c42b46831653f9ada1) Importer(815301076,1909f56bfc062723c751e8b465ee728b) (PreviewImporter) -> (artifact id: 'db00a70bf3bf1dd2baddab2145cd7ee5') in 0.5520289 seconds
Number of updated asset objects reloaded before import = 0Number of asset objects unloaded after import = 125

========================================================================
Received Import Request.
  Time since last request: 0.000041 seconds.
  path: Assets/Art/Characters/Player Classes/2D HD Character Knight/Spritesheets/With shadows/Idle.png
  artifactKey: Guid(a26b6ed9fd677824f9e740528edd719c) Importer(815301076,1909f56bfc062723c751e8b465ee728b)
Start importing Assets/Art/Characters/Player Classes/2D HD Character Knight/Spritesheets/With shadows/Idle.png using Guid(a26b6ed9fd677824f9e740528edd719c) Importer(815301076,1909f56bfc062723c751e8b465ee728b) (PreviewImporter) -> (artifact id: '1c0ccd1fc899ed8d22295b1c1dfe3a91') in 0.2563768 seconds
Number of updated asset objects reloaded before import = 0Number of asset objects unloaded after import = 122

========================================================================
Received Import Request.
  Time since last request: 0.000044 seconds.
  path: Assets/Art/Characters/Player Classes/2D HD Character Knight/Spritesheets/With shadows/Rolling.png
  artifactKey: Guid(6e1351d6107a6784b98d1c02a8abe4a0) Importer(815301076,1909f56bfc062723c751e8b465ee728b)
Start importing Assets/Art/Characters/Player Classes/2D HD Character Knight/Spritesheets/With shadows/Rolling.png using Guid(6e1351d6107a6784b98d1c02a8abe4a0) Importer(815301076,1909f56bfc062723c751e8b465ee728b) (PreviewImporter) -> (artifact id: '0442d2eb8c24973145c2200b55d55c5d') in 0.4026098 seconds
Number of updated asset objects reloaded before import = 0Number of asset objects unloaded after import = 123

========================================================================
Received Import Request.
  Time since last request: 0.000040 seconds.
  path: Assets/Art/Characters/Player Classes/2D HD Character Knight/Spritesheets/With shadows/Pummel.png
  artifactKey: Guid(b44a52f15e533ad4abb9a97cbc035148) Importer(815301076,1909f56bfc062723c751e8b465ee728b)
Start importing Assets/Art/Characters/Player Classes/2D HD Character Knight/Spritesheets/With shadows/Pummel.png using Guid(b44a52f15e533ad4abb9a97cbc035148) Importer(815301076,1909f56bfc062723c751e8b465ee728b) (PreviewImporter) -> (artifact id: 'b4d3c79c1477dc65b51199cdd20bc81f') in 0.277711 seconds
Number of updated asset objects reloaded before import = 0Number of asset objects unloaded after import = 123

========================================================================
Received Import Request.
  Time since last request: 0.000038 seconds.
  path: Assets/Art/Characters/Player Classes/2D HD Character Knight/Spritesheets/With shadows/ShieldBlockMid.png
  artifactKey: Guid(9679fcd8afab3004682a69584255d0e3) Importer(815301076,1909f56bfc062723c751e8b465ee728b)
Start importing Assets/Art/Characters/Player Classes/2D HD Character Knight/Spritesheets/With shadows/ShieldBlockMid.png using Guid(9679fcd8afab3004682a69584255d0e3) Importer(815301076,1909f56bfc062723c751e8b465ee728b) (PreviewImporter) -> (artifact id: '1464dd2b5eb01a86d1c11bab8ae7d8b4') in 0.1966458 seconds
Number of updated asset objects reloaded before import = 0Number of asset objects unloaded after import = 122

========================================================================
Received Import Request.
  Time since last request: 0.000032 seconds.
  path: Assets/Art/Characters/Player Classes/2D HD Character Knight/Spritesheets/With shadows/Special2.png
  artifactKey: Guid(546fc298f559a24418b3b319ebda069c) Importer(815301076,1909f56bfc062723c751e8b465ee728b)
Start importing Assets/Art/Characters/Player Classes/2D HD Character Knight/Spritesheets/With shadows/Special2.png using Guid(546fc298f559a24418b3b319ebda069c) Importer(815301076,1909f56bfc062723c751e8b465ee728b) (PreviewImporter) -> (artifact id: 'd94cb752a6c8557fa22f06c456abb1d5') in 0.4032994 seconds
Number of updated asset objects reloaded before import = 0Number of asset objects unloaded after import = 132

Editor requested this worker to shutdown with reason: Scaling down because of idle timeout
AssetImportWorker is now disconnected from the server
Process exiting
Exiting without the bug reporter. Application will terminate with return code 0